\BOOKMARK [0][-]{title.0}{封面}{}% 1
\BOOKMARK [0][-]{chapter*.1}{摘要}{}% 2
\BOOKMARK [0][-]{chapter*.2}{ABSTRACT}{}% 3
\BOOKMARK [0][-]{toc.0}{目录}{}% 4
\BOOKMARK [0][-]{chapter.1}{引言}{}% 5
\BOOKMARK [1][-]{section.1.1}{研究发展历程}{chapter.1}% 6
\BOOKMARK [0][-]{chapter.2}{原理分析}{}% 7
\BOOKMARK [1][-]{section.2.1}{反演方法}{chapter.2}% 8
\BOOKMARK [1][-]{section.2.2}{定权分析}{chapter.2}% 9
\BOOKMARK [1][-]{section.2.3}{误差评定}{chapter.2}% 10
\BOOKMARK [2][-]{subsection.2.3.1}{基本表格}{section.2.3}% 11
\BOOKMARK [2][-]{subsection.2.3.2}{复杂表格}{section.2.3}% 12
\BOOKMARK [0][-]{chapter.3}{理论实验}{}% 13
\BOOKMARK [1][-]{section.3.1}{封面相关}{chapter.3}% 14
\BOOKMARK [1][-]{section.3.2}{字体命令}{chapter.3}% 15
\BOOKMARK [1][-]{section.3.3}{表格样本}{chapter.3}% 16
\BOOKMARK [2][-]{subsection.3.3.1}{基本表格}{section.3.3}% 17
\BOOKMARK [2][-]{subsection.3.3.2}{复杂表格}{section.3.3}% 18
\BOOKMARK [0][-]{chapter.4}{实例应用}{}% 19
\BOOKMARK [1][-]{section.4.1}{封面相关}{chapter.4}% 20
\BOOKMARK [1][-]{section.4.2}{字体命令}{chapter.4}% 21
\BOOKMARK [1][-]{section.4.3}{表格样本}{chapter.4}% 22
\BOOKMARK [2][-]{subsection.4.3.1}{基本表格}{section.4.3}% 23
\BOOKMARK [2][-]{subsection.4.3.2}{复杂表格}{section.4.3}% 24
\BOOKMARK [0][-]{chapter.5}{总结和展望}{}% 25
\BOOKMARK [1][-]{section.5.1}{封面相关}{chapter.5}% 26
\BOOKMARK [1][-]{section.5.2}{字体命令}{chapter.5}% 27
\BOOKMARK [1][-]{section.5.3}{表格样本}{chapter.5}% 28
\BOOKMARK [2][-]{subsection.5.3.1}{基本表格}{section.5.3}% 29
\BOOKMARK [2][-]{subsection.5.3.2}{复杂表格}{section.5.3}% 30
\BOOKMARK [0][-]{section*.16}{参考文献}{}% 31
\BOOKMARK [0][-]{chapter*.18}{致谢}{}% 32
